<?xml version="1.0" encoding="UTF-8"?>
<!-- Generated by org.testng.reporters.JUnitReportReporter -->
<testsuite hostname="Nidhi" failures="0" tests="1" name="com.Actitime.testscripts.createCustomer" time="31.477" errors="0" timestamp="2026-05-30T08:52:22 IST" skipped="0">
  <testcase classname="com.Actitime.testscripts.createCustomer" name="createCust" time="31.477">
    <system-out>
      <![CDATA[HDFC_001
Banking Project
==================================================================
HDFC_001]]>
    </system-out>
  </testcase> <!-- createCust -->
  <system-out>
    <![CDATA[Open Browser
HDFC_001
Banking Project
==================================================================
HDFC_001
Close Browser]]>
  </system-out>
</testsuite> <!-- com.Actitime.testscripts.createCustomer -->
