<?xml version="1.0" encoding="UTF-8"?>
<!-- Generated by org.testng.reporters.JUnitReportReporter -->
<testsuite hostname="Nidhi" failures="0" tests="1" name="com.Actitime.testscripts.customerModule_DeleteCustomer" time="22.630" errors="0" timestamp="2026-06-02T08:32:38 IST" skipped="0">
  <testcase classname="com.Actitime.testscripts.customerModule_DeleteCustomer" name="deleteCustomer" time="22.630"/>
  <system-out>
    <![CDATA[Open Browser
Close Browser]]>
  </system-out>
</testsuite> <!-- com.Actitime.testscripts.customerModule_DeleteCustomer -->
