<?xml version="1.0" encoding="UTF-8"?>
<testng-results ignored="0" total="1" passed="1" failed="0" skipped="0">
  <reporter-output>
    <line>
      <![CDATA[Open Browser]]>
    </line>
    <line>
      <![CDATA[Close Browser]]>
    </line>
  </reporter-output>
  <suite started-at="2026-06-02T08:31:55 IST" name="Default suite" finished-at="2026-06-02T08:32:38 IST" duration-ms="42156">
    <groups>
    </groups>
    <test started-at="2026-06-02T08:31:55 IST" name="Default test" finished-at="2026-06-02T08:32:38 IST" duration-ms="42156">
      <class name="com.Actitime.testscripts.customerModule_DeleteCustomer">
        <test-method is-config="true" signature="OpenBrowser()[pri:0, instance:com.Actitime.testscripts.customerModule_DeleteCustomer@305b7c14]" started-at="2026-06-02T08:31:55 IST" name="OpenBrowser" finished-at="2026-06-02T08:32:14 IST" duration-ms="18775" status="PASS">
          <reporter-output>
            <line>
              <![CDATA[Open Browser]]>
            </line>
          </reporter-output>
        </test-method> <!-- OpenBrowser -->
        <test-method is-config="true" signature="Login()[pri:0, instance:com.Actitime.testscripts.customerModule_DeleteCustomer@305b7c14]" started-at="2026-06-02T08:32:14 IST" name="Login" finished-at="2026-06-02T08:32:15 IST" duration-ms="465" status="PASS">
          <reporter-output>
          </reporter-output>
        </test-method> <!-- Login -->
        <test-method signature="deleteCustomer()[pri:0, instance:com.Actitime.testscripts.customerModule_DeleteCustomer@305b7c14]" started-at="2026-06-02T08:32:15 IST" name="deleteCustomer" finished-at="2026-06-02T08:32:36 IST" duration-ms="20857" status="PASS">
          <reporter-output>
          </reporter-output>
        </test-method> <!-- deleteCustomer -->
        <test-method is-config="true" signature="Logout()[pri:0, instance:com.Actitime.testscripts.customerModule_DeleteCustomer@305b7c14]" started-at="2026-06-02T08:32:36 IST" name="Logout" finished-at="2026-06-02T08:32:37 IST" duration-ms="1308" status="PASS">
          <reporter-output>
          </reporter-output>
        </test-method> <!-- Logout -->
        <test-method is-config="true" signature="CloseBrowser()[pri:0, instance:com.Actitime.testscripts.customerModule_DeleteCustomer@305b7c14]" started-at="2026-06-02T08:32:37 IST" name="CloseBrowser" finished-at="2026-06-02T08:32:38 IST" duration-ms="624" status="PASS">
          <reporter-output>
            <line>
              <![CDATA[Close Browser]]>
            </line>
          </reporter-output>
        </test-method> <!-- CloseBrowser -->
      </class> <!-- com.Actitime.testscripts.customerModule_DeleteCustomer -->
    </test> <!-- Default test -->
  </suite> <!-- Default suite -->
</testng-results>
